<?xml version="1.0" encoding="utf-8"?><testsuites name="pytest tests"><testsuite name="pytest" errors="0" failures="0" skipped="0" tests="16" time="5.714" timestamp="2026-07-14T18:30:26.344307+00:00" hostname="agent-env-80a73ad1-7cb1-4bef-bf1f-bb2e1b47ecd9"><testcase classname="tests.backend_test.TestAdminAuth" name="test_admin_login_valid" time="4.042" /><testcase classname="tests.backend_test.TestPublicContent" name="test_get_content" time="4.042" /><testcase classname="tests.backend_test.TestAdminAuth" name="test_admin_login_invalid" time="0.279" /><testcase classname="tests.backend_test.TestPublicContent" name="test_get_courses" time="0.281" /><testcase classname="tests.backend_test.TestPublicContent" name="test_get_course_by_key" time="0.276" /><testcase classname="tests.backend_test.TestAdminAuth" name="test_admin_me" time="0.328" /><testcase classname="tests.backend_test.TestPublicContent" name="test_get_testimonials" time="0.120" /><testcase classname="tests.backend_test.TestAdminAuth" name="test_admin_list_admissions" time="0.057" /><testcase classname="tests.backend_test.TestAdminAuth" name="test_admin_list_demo_bookings" time="0.063" /><testcase classname="tests.backend_test.TestPublicContent" name="test_get_gallery" time="0.121" /><testcase classname="tests.backend_test.TestAdminAuth" name="test_admissions_requires_auth" time="0.053" /><testcase classname="tests.backend_test.TestAdmissions" name="test_create_admission" time="0.069" /><testcase classname="tests.backend_test.TestDemoBooking" name="test_create_demo_booking" time="0.077" /><testcase classname="tests.backend_test.TestAdmissions" name="test_create_admission_missing_fields" time="0.101" /><testcase classname="tests.backend_test.TestDemoBooking" name="test_create_demo_booking_missing_required" time="0.056" /><testcase classname="tests.backend_test.TestHealth" name="test_root" time="0.063" /></testsuite></testsuites>